#
# A fatal error has been detected by the Java Runtime Environment:
#
#  EXCEPTION_ACCESS_VIOLATION (0xc0000005) at pc=0x00007ff8f703cdf0, pid=4308, tid=18204
#
# JRE version: OpenJDK Runtime Environment (15.0.1+9) (build 15.0.1+9-18)
# Java VM: OpenJDK 64-Bit Server VM (15.0.1+9-18, mixed mode, tiered, compressed oops, g1 gc, windows-amd64)
# Problematic frame:
# V  [jvm.dll+0xcdf0]
#
# No core dump will be written. Minidumps are not enabled by default on client versions of Windows
#
# If you would like to submit a bug report, please visit:
#   https://bugreport.java.com/bugreport/crash.jsp
#

---------------  S U M M A R Y ------------

Command Line: -Dfile.encoding=UTF-8 -XX:+ShowCodeDetailsInExceptionMessages it.polito.ezshop.EZShop

Host: AMD Ryzen 7 4800H with Radeon Graphics         , 16 cores, 15G,  Windows 10 , 64 bit Build 19041 (10.0.19041.928)
Time: Wed May 19 18:18:18 2021 ora legale Europa occidentale elapsed time: 80.348971 seconds (0d 0h 1m 20s)

---------------  T H R E A D  ---------------

Current thread (0x0000021643cedea0):  JavaThread "AWT-EventQueue-0" [_thread_in_vm, id=18204, stack(0x00000039c9c00000,0x00000039c9d00000)]

Stack: [0x00000039c9c00000,0x00000039c9d00000],  sp=0x00000039c9cfe648,  free space=1017k
Native frames: (J=compiled Java code, j=interpreted, Vv=VM code, C=native code)
V  [jvm.dll+0xcdf0]

Java frames: (J=compiled Java code, j=interpreted, Vv=VM code)
j  org.sqlite.NativeDB.prepare(Ljava/lang/String;)J+0
j  org.sqlite.DB.prepare(Lorg/sqlite/Stmt;)V+21
j  org.sqlite.Stmt.executeQuery(Ljava/lang/String;)Ljava/sql/ResultSet;+14
j  it.polito.ezshop.persistence.DAOEZShop.getBalanceOperations(Ljava/time/LocalDate;Ljava/time/LocalDate;)Ljava/util/List;+114
j  it.polito.ezshop.data.EZShop.getCreditsAndDebits(Ljava/time/LocalDate;Ljava/time/LocalDate;)Ljava/util/List;+14
j  it.polito.ezshop.view.HomeFrame.refreshBalanceTable(Ljava/time/LocalDate;Ljava/time/LocalDate;)V+6
j  it.polito.ezshop.view.HomeFrame.actionPerformed(Ljava/awt/event/ActionEvent;)V+4012
j  javax.swing.AbstractButton.fireActionPerformed(Ljava/awt/event/ActionEvent;)V+84 java.desktop@15.0.1
j  javax.swing.AbstractButton$Handler.actionPerformed(Ljava/awt/event/ActionEvent;)V+5 java.desktop@15.0.1
j  javax.swing.DefaultButtonModel.fireActionPerformed(Ljava/awt/event/ActionEvent;)V+34 java.desktop@15.0.1
j  javax.swing.DefaultButtonModel.setPressed(Z)V+117 java.desktop@15.0.1
j  javax.swing.plaf.basic.BasicButtonListener.mouseReleased(Ljava/awt/event/MouseEvent;)V+35 java.desktop@15.0.1
J 3235 c1 java.awt.Component.processMouseEvent(Ljava/awt/event/MouseEvent;)V java.desktop@15.0.1 (100 bytes) @ 0x00000216275a030c [0x000002162759fea0+0x000000000000046c]
J 3234 c1 javax.swing.JComponent.processMouseEvent(Ljava/awt/event/MouseEvent;)V java.desktop@15.0.1 (27 bytes) @ 0x000002162759f9f4 [0x000002162759f7e0+0x0000000000000214]
J 3263 c2 java.awt.Container.processEvent(Ljava/awt/AWTEvent;)V java.desktop@15.0.1 (22 bytes) @ 0x000002162e4f0f14 [0x000002162e4f0d80+0x0000000000000194]
J 2822 c2 java.awt.Component.dispatchEventImpl(Ljava/awt/AWTEvent;)V java.desktop@15.0.1 (777 bytes) @ 0x000002162e4a5ff8 [0x000002162e4a51a0+0x0000000000000e58]
J 2716 c2 java.awt.Container.dispatchEventImpl(Ljava/awt/AWTEvent;)V java.desktop@15.0.1 (129 bytes) @ 0x000002162e49a2c8 [0x000002162e499bc0+0x0000000000000708]
J 2696 c2 java.awt.LightweightDispatcher.retargetMouseEvent(Ljava/awt/Component;ILjava/awt/event/MouseEvent;)V java.desktop@15.0.1 (372 bytes) @ 0x000002162e47ed50 [0x000002162e47e9e0+0x0000000000000370]
J 2716 c2 java.awt.Container.dispatchEventImpl(Ljava/awt/AWTEvent;)V java.desktop@15.0.1 (129 bytes) @ 0x000002162e49a868 [0x000002162e499bc0+0x0000000000000ca8]
J 3033 c2 java.awt.Window.dispatchEventImpl(Ljava/awt/AWTEvent;)V java.desktop@15.0.1 (23 bytes) @ 0x000002162e4c5510 [0x000002162e4c54c0+0x0000000000000050]
J 2701 c2 java.awt.EventQueue.dispatchEventImpl(Ljava/awt/AWTEvent;Ljava/lang/Object;)V java.desktop@15.0.1 (136 bytes) @ 0x000002162e4835d0 [0x000002162e483220+0x00000000000003b0]
J 2723 c2 java.awt.EventQueue$4.run()Ljava/lang/Object; java.desktop@15.0.1 (5 bytes) @ 0x000002162e4a0678 [0x000002162e4a0620+0x0000000000000058]
J 2700 c2 java.awt.EventQueue.dispatchEvent(Ljava/awt/AWTEvent;)V java.desktop@15.0.1 (80 bytes) @ 0x000002162e4814b4 [0x000002162e4812e0+0x00000000000001d4]
J 2708 c2 java.awt.EventDispatchThread.pumpOneEventForFilters(I)V java.desktop@15.0.1 (113 bytes) @ 0x000002162e495170 [0x000002162e494e00+0x0000000000000370]
j  java.awt.EventDispatchThread.pumpEventsForFilter(ILjava/awt/Conditional;Ljava/awt/EventFilter;)V+35 java.desktop@15.0.1
j  java.awt.EventDispatchThread.pumpEventsForHierarchy(ILjava/awt/Conditional;Ljava/awt/Component;)V+11 java.desktop@15.0.1
j  java.awt.EventDispatchThread.pumpEvents(ILjava/awt/Conditional;)V+4 java.desktop@15.0.1
j  java.awt.EventDispatchThread.pumpEvents(Ljava/awt/Conditional;)V+3 java.desktop@15.0.1
j  java.awt.EventDispatchThread.run()V+9 java.desktop@15.0.1
v  ~StubRoutines::call_stub

siginfo: EXCEPTION_ACCESS_VIOLATION (0xc0000005), reading address 0x0000000000000000


Register to memory mapping:

RIP=0x00007ff8f703cdf0 jvm.dll
RAX=0x0 is NULL
RBX=0x0000021643cedea0 is a thread
RCX=0x0 is NULL
RDX=0x0 is NULL
RSP=0x00000039c9cfe648 is pointing into the stack for thread: 0x0000021643cedea0
RBP=0x0000021646cd7838 points into unknown readable memory: 0x00000000693b28e0 | e0 28 3b 69 00 00 00 00
RSI=0x0 is NULL
RDI=0x0 is NULL
R8 =0x0 is NULL
R9 =0x000000070aebc110 is an oop: org.sqlite.NativeDB 
{0x000000070aebc110} - klass: 'org/sqlite/NativeDB'
R10=0x00007ff8f7acc720 jvm.dll
R11=0x0000000000000088 is an unknown value
R12=0x00000039c9cfe808 is pointing into the stack for thread: 0x0000021643cedea0
R13=0x000002164a5c57b0 is pointing into metadata
R14=0x0 is NULL
R15=0x0000021643cedea0 is a thread


Registers:
RAX=0x0000000000000000, RBX=0x0000021643cedea0, RCX=0x0000000000000000, RDX=0x0000000000000000
RSP=0x00000039c9cfe648, RBP=0x0000021646cd7838, RSI=0x0000000000000000, RDI=0x0000000000000000
R8 =0x0000000000000000, R9 =0x000000070aebc110, R10=0x00007ff8f7acc720, R11=0x0000000000000088
R12=0x00000039c9cfe808, R13=0x000002164a5c57b0, R14=0x0000000000000000, R15=0x0000021643cedea0
RIP=0x00007ff8f703cdf0, EFLAGS=0x0000000000010246

Top of Stack: (sp=0x00000039c9cfe648)
0x00000039c9cfe648:   00007ff8f73e148b 000000070aebc950
0x00000039c9cfe658:   0000000000000000 0000000000000002
0x00000039c9cfe668:   000002162690dca6 0000021643cedea0
0x00000039c9cfe678:   0000000000000000 0000000000000000
0x00000039c9cfe688:   0000000000000000 000000070aebc950
0x00000039c9cfe698:   0000000069341599 00000039c9cfe7a8
0x00000039c9cfe6a8:   0000000000000002 00000039c9cfe720
0x00000039c9cfe6b8:   000002162681a17e 00000039c9cfe820
0x00000039c9cfe6c8:   0000000000000000 0000021643cee1c8
0x00000039c9cfe6d8:   0000000069342090 0000021646cd7838
0x00000039c9cfe6e8:   0000000000000000 00000039c9cfe808
0x00000039c9cfe6f8:   0000000000000000 00000007ffe7b9d8
0x00000039c9cfe708:   000002164a5d6208 0000000000000000
0x00000039c9cfe718:   00000039c9cfe730 000002164a5c57b8
0x00000039c9cfe728:   0000000000000000 0000000000000002
0x00000039c9cfe738:   00000039c9cfe7e0 0000000000000000 

Instructions: (pc=0x00007ff8f703cdf0)
0x00007ff8f703ccf0:   14 73 9e 00 48 83 c4 20 5b 48 ff e0 48 8d 05 ed
0x00007ff8f703cd00:   00 00 00 48 8b cb 48 89 05 fb 72 9e 00 48 83 c4
0x00007ff8f703cd10:   20 5b 48 ff e0 48 8d 05 d4 00 00 00 48 8b cb 48
0x00007ff8f703cd20:   89 05 e2 72 9e 00 48 83 c4 20 5b 48 ff e0 48 8b
0x00007ff8f703cd30:   0d 2b 6d a4 00 8b 51 10 83 ea 01 0f 84 8b 00 00
0x00007ff8f703cd40:   00 83 ea 01 74 6d 83 ea 01 74 4f 83 fa 01 74 31
0x00007ff8f703cd50:   4c 8d 05 b9 fe 7c 00 ba e8 00 00 00 48 8d 0d e5
0x00007ff8f703cd60:   fe 7c 00 e8 d8 91 20 00 e8 d3 db 61 00 33 c0 48
0x00007ff8f703cd70:   8b cb 48 89 05 8f 72 9e 00 48 83 c4 20 5b 48 ff
0x00007ff8f703cd80:   e0 48 8d 05 78 00 00 00 48 8b cb 48 89 05 76 72
0x00007ff8f703cd90:   9e 00 48 83 c4 20 5b 48 ff e0 48 8d 05 4f 00 00
0x00007ff8f703cda0:   00 48 8b cb 48 89 05 5d 72 9e 00 48 83 c4 20 5b
0x00007ff8f703cdb0:   48 ff e0 48 8d 05 36 00 00 00 48 8b cb 48 89 05
0x00007ff8f703cdc0:   44 72 9e 00 48 83 c4 20 5b 48 ff e0 48 8d 05 1d
0x00007ff8f703cdd0:   00 00 00 48 8b cb 48 89 05 2b 72 9e 00 48 83 c4
0x00007ff8f703cde0:   20 5b 48 ff e0 cc cc cc cc cc cc cc cc cc cc cc
0x00007ff8f703cdf0:   48 8b 01 c3 cc cc cc cc cc cc cc cc cc cc cc cc
0x00007ff8f703ce00:   48 8b 11 e9 e8 fd ff ff cc cc cc cc cc cc cc cc
0x00007ff8f703ce10:   8b 44 24 30 45 03 c9 44 2b 4c 24 28 83 c0 0b 44
0x00007ff8f703ce20:   03 ca 45 03 c8 41 03 c1 c3 cc cc cc cc cc cc cc
0x00007ff8f703ce30:   48 8b 41 08 0f b7 48 32 0f b7 40 30 83 c0 48 03
0x00007ff8f703ce40:   c1 c3 cc cc cc cc cc cc cc cc cc cc cc cc cc cc
0x00007ff8f703ce50:   48 89 5c 24 18 56 48 83 ec 20 48 85 15 67 10 ac
0x00007ff8f703ce60:   00 48 8b da 48 8b f1 75 2e 48 85 d2 75 0d 33 c0
0x00007ff8f703ce70:   48 8b 5c 24 40 48 83 c4 20 5e c3 48 8b 05 56 10
0x00007ff8f703ce80:   ac 00 48 23 c3 48 0b 05 2c 10 ac 00 48 8b 5c 24
0x00007ff8f703ce90:   40 48 83 c4 20 5e c3 48 8b cb 48 89 6c 24 30 e8
0x00007ff8f703cea0:   0c 47 7a 00 48 8b e8 48 85 f6 74 5d 48 85 c0 74
0x00007ff8f703ceb0:   58 48 89 7c 24 38 48 8b 3d 1b 10 ac 00 48 23 f8
0x00007ff8f703cec0:   48 0b 3d 49 10 ac 00 74 3b 48 8b 05 c8 84 a0 00
0x00007ff8f703ced0:   4c 8b c3 48 8b d6 48 8b cf ff d0 48 3b c3 74 24
0x00007ff8f703cee0:   48 85 05 e1 0f ac 00 74 1b 4c 8b 0d a8 84 a0 00 


Stack slot to memory mapping:
stack at sp + 0 slots: 0x00007ff8f73e148b jvm.dll
stack at sp + 1 slots: 0x000000070aebc950 is an oop: org.sqlite.RS 
{0x000000070aebc950} - klass: 'org/sqlite/RS'
stack at sp + 2 slots: 0x0 is NULL
stack at sp + 3 slots: 0x0000000000000002 is an unknown value
stack at sp + 4 slots: 0x000002162690dca6 is at code_begin+38 in 
[CodeBlob (0x000002162690dc10)]
Framesize: 6
Runtime Stub (0x000002162690dc10): _register_finalizer_Java
--------------------------------------------------------------------------------
Decoding CodeBlob, name: _register_finalizer_Java, at  [0x000002162690dc80, 0x000002162690dcd8]  88 bytes
[MachCode]
  0x000002162690dc80: 4881 ec28 | 0000 0048 | 896c 2420 | 4989 a708 | 0300 0048 | 8bca 498b | d749 baf0 | 876b f7f8 
  0x000002162690dca0: 7f00 0041 | ffd2 4d89 | a708 0300 | 004d 89a7 | 1003 0000 | 4d3b 6708 | 7506 4883 | c420 5dc3 
  0x000002162690dcc0: 33db 49ba | 800e 8126 | 1602 0000 | 4883 c420 | 5d41 ffe2 | f4f4 f4f4 
[/MachCode]
--------------------------------------------------------------------------------
stack at sp + 5 slots: 0x0000021643cedea0 is a thread
stack at sp + 6 slots: 0x0 is NULL
stack at sp + 7 slots: 0x0 is NULL


---------------  P R O C E S S  ---------------

Threads class SMR info:
_java_thread_list=0x0000021643d42820, length=17, elements={
0x000002164330a130, 0x000002164330cc10, 0x0000021643335650, 0x0000021643337010,
0x00000216433379c0, 0x0000021643338750, 0x000002164333b150, 0x0000021643348260,
0x00000216434f2690, 0x0000021643506760, 0x00000216439ee8d0, 0x0000021643a2b020,
0x0000021643a301e0, 0x0000021643cedea0, 0x00000216216247f0, 0x00000216435061b0,
0x0000021643ea2290
}

Java Threads: ( => current thread )
  0x000002164330a130 JavaThread "Reference Handler" daemon [_thread_blocked, id=15756, stack(0x00000039c8100000,0x00000039c8200000)]
  0x000002164330cc10 JavaThread "Finalizer" daemon [_thread_blocked, id=8492, stack(0x00000039c8200000,0x00000039c8300000)]
  0x0000021643335650 JavaThread "Signal Dispatcher" daemon [_thread_blocked, id=18272, stack(0x00000039c8300000,0x00000039c8400000)]
  0x0000021643337010 JavaThread "Attach Listener" daemon [_thread_blocked, id=17748, stack(0x00000039c8400000,0x00000039c8500000)]
  0x00000216433379c0 JavaThread "Service Thread" daemon [_thread_blocked, id=3468, stack(0x00000039c8500000,0x00000039c8600000)]
  0x0000021643338750 JavaThread "C2 CompilerThread0" daemon [_thread_blocked, id=10048, stack(0x00000039c8600000,0x00000039c8700000)]
  0x000002164333b150 JavaThread "C1 CompilerThread0" daemon [_thread_blocked, id=17556, stack(0x00000039c8700000,0x00000039c8800000)]
  0x0000021643348260 JavaThread "Sweeper thread" daemon [_thread_blocked, id=6376, stack(0x00000039c8800000,0x00000039c8900000)]
  0x00000216434f2690 JavaThread "Notification Thread" daemon [_thread_blocked, id=3068, stack(0x00000039c8a00000,0x00000039c8b00000)]
  0x0000021643506760 JavaThread "Common-Cleaner" daemon [_thread_blocked, id=11028, stack(0x00000039c8c00000,0x00000039c8d00000)]
  0x00000216439ee8d0 JavaThread "Java2D Disposer" daemon [_thread_blocked, id=8392, stack(0x00000039c8d00000,0x00000039c8e00000)]
  0x0000021643a2b020 JavaThread "AWT-Shutdown" [_thread_blocked, id=17076, stack(0x00000039c8e00000,0x00000039c8f00000)]
  0x0000021643a301e0 JavaThread "AWT-Windows" daemon [_thread_in_native, id=11812, stack(0x00000039c8f00000,0x00000039c9000000)]
=>0x0000021643cedea0 JavaThread "AWT-EventQueue-0" [_thread_in_vm, id=18204, stack(0x00000039c9c00000,0x00000039c9d00000)]
  0x00000216216247f0 JavaThread "DestroyJavaVM" [_thread_blocked, id=10000, stack(0x00000039c7a00000,0x00000039c7b00000)]
  0x00000216435061b0 JavaThread "D3D Screen Updater" daemon [_thread_blocked, id=14540, stack(0x00000039c9e00000,0x00000039c9f00000)]
  0x0000021643ea2290 JavaThread "TimerQueue" daemon [_thread_blocked, id=9524, stack(0x00000039c9f00000,0x00000039ca000000)]

Other Threads:
  0x00000216432d3ac0 VMThread "VM Thread" [stack: 0x00000039c8000000,0x00000039c8100000] [id=12420]
  0x00000216434f2b60 WatcherThread [stack: 0x00000039c8b00000,0x00000039c8c00000] [id=6004]
  0x0000021621674330 GCTaskThread "GC Thread#0" [stack: 0x00000039c7b00000,0x00000039c7c00000] [id=2528]
  0x000002164363a7e0 GCTaskThread "GC Thread#1" [stack: 0x00000039ca500000,0x00000039ca600000] [id=7232]
  0x00000216436381a0 GCTaskThread "GC Thread#2" [stack: 0x00000039ca600000,0x00000039ca700000] [id=17148]
  0x0000021643639190 GCTaskThread "GC Thread#3" [stack: 0x00000039ca700000,0x00000039ca800000] [id=7200]
  0x000002164363a180 GCTaskThread "GC Thread#4" [stack: 0x00000039ca800000,0x00000039ca900000] [id=16704]
  0x000002164363ae40 GCTaskThread "GC Thread#5" [stack: 0x00000039ca900000,0x00000039caa00000] [id=2248]
  0x0000021621684c00 ConcurrentGCThread "G1 Main Marker" [stack: 0x00000039c7c00000,0x00000039c7d00000] [id=9220]
  0x0000021621687020 ConcurrentGCThread "G1 Conc#0" [stack: 0x00000039c7d00000,0x00000039c7e00000] [id=3196]
  0x000002164363b170 ConcurrentGCThread "G1 Conc#1" [stack: 0x00000039caa00000,0x00000039cab00000] [id=9696]
  0x00000216436397f0 ConcurrentGCThread "G1 Conc#2" [stack: 0x00000039cab00000,0x00000039cac00000] [id=952]
  0x00000216216f5810 ConcurrentGCThread "G1 Refine#0" [stack: 0x00000039c7e00000,0x00000039c7f00000] [id=15108]
  0x00000216429045d0 ConcurrentGCThread "G1 Young RemSet Sampling" [stack: 0x00000039c7f00000,0x00000039c8000000] [id=9364]

Threads with active compile tasks:

VM state: not at safepoint (normal execution)

VM Mutex/Monitor currently owned by a thread: None

Heap address: 0x000000070a000000, size: 3936 MB, Compressed Oops mode: Zero based, Oop shift amount: 3
CDS disabled.
Compressed class space mapped at: 0x0000000800000000-0x0000000840000000, size: 1073741824
Narrow klass base: 0x0000000800000000, Narrow klass shift: 0, Narrow klass range: 0x40000000

GC Precious Log:
 CPUs: 16 total, 16 available
 Memory: 15741M
 Large Page Support: Disabled
 NUMA Support: Disabled
 Compressed Oops: Enabled (Zero based)
 Heap Region Size: 2M
 Heap Min Capacity: 8M
 Heap Initial Capacity: 246M
 Heap Max Capacity: 3936M
 Pre-touch: Disabled
 Parallel Workers: 13
 Concurrent Workers: 3
 Concurrent Refinement Workers: 13
 Periodic GC: Disabled

Heap:
 garbage-first heap   total 26624K, used 10347K [0x000000070a000000, 0x0000000800000000)
  region size 2048K, 5 young (10240K), 1 survivors (2048K)
 Metaspace       used 23712K, capacity 23925K, committed 24064K, reserved 1071104K
  class space    used 2382K, capacity 2464K, committed 2560K, reserved 1048576K

Heap Regions: E=young(eden), S=young(survivor), O=old, HS=humongous(starts), HC=humongous(continues), CS=collection set, F=free, OA=open archive, CA=closed archive, TAMS=top-at-mark-start (previous, next)
|   0|0x000000070a000000, 0x000000070a000000, 0x000000070a200000|  0%| F|  |TAMS 0x000000070a000000, 0x000000070a000000| Untracked 
|   1|0x000000070a200000, 0x000000070a200000, 0x000000070a400000|  0%| F|  |TAMS 0x000000070a200000, 0x000000070a200000| Untracked 
|   2|0x000000070a400000, 0x000000070a400000, 0x000000070a600000|  0%| F|  |TAMS 0x000000070a400000, 0x000000070a400000| Untracked 
|   3|0x000000070a600000, 0x000000070a600000, 0x000000070a800000|  0%| F|  |TAMS 0x000000070a600000, 0x000000070a600000| Untracked 
|   4|0x000000070a800000, 0x000000070a89bbf0, 0x000000070aa00000| 30%| S|CS|TAMS 0x000000070a800000, 0x000000070a800000| Complete 
|   5|0x000000070aa00000, 0x000000070aa00000, 0x000000070ac00000|  0%| F|  |TAMS 0x000000070aa00000, 0x000000070aa00000| Untracked 
|   6|0x000000070ac00000, 0x000000070ac00000, 0x000000070ae00000|  0%| F|  |TAMS 0x000000070ac00000, 0x000000070ac00000| Untracked 
|   7|0x000000070ae00000, 0x000000070aecf200, 0x000000070b000000| 40%| E|  |TAMS 0x000000070ae00000, 0x000000070ae00000| Complete 
| 113|0x0000000718200000, 0x0000000718400000, 0x0000000718400000|100%| E|CS|TAMS 0x0000000718200000, 0x0000000718200000| Complete 
| 114|0x0000000718400000, 0x0000000718600000, 0x0000000718600000|100%| E|CS|TAMS 0x0000000718400000, 0x0000000718400000| Complete 
| 122|0x0000000719400000, 0x0000000719600000, 0x0000000719600000|100%| E|CS|TAMS 0x0000000719400000, 0x0000000719400000| Complete 
|1966|0x00000007ffc00000, 0x00000007ffd7f400, 0x00000007ffe00000| 74%| O|  |TAMS 0x00000007ffc00000, 0x00000007ffc00000| Untracked 
|1967|0x00000007ffe00000, 0x0000000800000000, 0x0000000800000000|100%| O|  |TAMS 0x00000007ffe00000, 0x00000007ffe00000| Untracked 

Card table byte_map: [0x0000021636f80000,0x0000021637730000] _byte_map_base: 0x0000021633730000

Marking Bits (Prev, Next): (CMBitMap*) 0x0000021621674be0, (CMBitMap*) 0x0000021621674ba0
 Prev Bits: [0x000002163bc60000, 0x000002163f9e0000)
 Next Bits: [0x0000021637ee0000, 0x000002163bc60000)

Polling page: 0x0000021621700000

Metaspace:

Usage:
  Non-class:     20.96 MB capacity,    20.83 MB (>99%) used,   102.83 KB ( <1%) free+waste,    27.50 KB ( <1%) overhead. 
      Class:      2.41 MB capacity,     2.33 MB ( 97%) used,    72.75 KB (  3%) free+waste,     9.19 KB ( <1%) overhead. 
       Both:     23.36 MB capacity,    23.16 MB (>99%) used,   175.58 KB ( <1%) free+waste,    36.69 KB ( <1%) overhead. 

Virtual space:
  Non-class space:       22.00 MB reserved,      21.00 MB ( 95%) committed 
      Class space:        1.00 GB reserved,       2.50 MB ( <1%) committed 
             Both:        1.02 GB reserved,      23.50 MB (  2%) committed 

Chunk freelists:
   Non-Class:  43.00 KB
       Class:  0 bytes
        Both:  43.00 KB

MaxMetaspaceSize: 17179869184.00 GB
CompressedClassSpaceSize: 1.00 GB

CodeHeap 'non-profiled nmethods': size=119168Kb used=1448Kb max_used=1448Kb free=117719Kb
 bounds [0x000002162e3b0000, 0x000002162e620000, 0x0000021635810000]
CodeHeap 'profiled nmethods': size=119104Kb used=6868Kb max_used=6868Kb free=112235Kb
 bounds [0x0000021626f60000, 0x0000021627620000, 0x000002162e3b0000]
CodeHeap 'non-nmethods': size=7488Kb used=1353Kb max_used=3065Kb free=6134Kb
 bounds [0x0000021626810000, 0x0000021626b20000, 0x0000021626f60000]
 total_blobs=4143 nmethods=3488 adapters=565
 compilation: enabled
              stopped_count=0, restarted_count=0
 full_count=0

Compilation events (20 events):
Event: 75.425 Thread 0x000002164333b150 3479       3       java.awt.AWTEventMulticaster::<init> (15 bytes)
Event: 75.425 Thread 0x000002164333b150 nmethod 3479 0x0000021627613510 code [0x00000216276136c0, 0x00000216276138d8]
Event: 78.174 Thread 0x0000021643338750 3480       4       javax.swing.JComponent::getFontMetrics (6 bytes)
Event: 78.174 Thread 0x000002164333b150 3481       3       javax.swing.text.GapVector::replace (83 bytes)
Event: 78.175 Thread 0x000002164333b150 nmethod 3481 0x0000021627613990 code [0x0000021627613b80, 0x00000216276140e8]
Event: 78.175 Thread 0x000002164333b150 3482       1       javax.swing.JFormattedTextField::getValue (5 bytes)
Event: 78.175 Thread 0x000002164333b150 nmethod 3482 0x000002162e512010 code [0x000002162e5121a0, 0x000002162e512258]
Event: 78.178 Thread 0x000002164333b150 3484       3       java.lang.Math::floor (5 bytes)
Event: 78.178 Thread 0x000002164333b150 nmethod 3484 0x0000021627614290 code [0x0000021627614420, 0x0000021627614528]
Event: 78.178 Thread 0x000002164333b150 3485       3       java.lang.StrictMath::floor (12 bytes)
Event: 78.178 Thread 0x000002164333b150 nmethod 3485 0x0000021627614610 code [0x00000216276147e0, 0x0000021627614908]
Event: 78.284 Thread 0x0000021643338750 nmethod 3480 0x000002162e512310 code [0x000002162e5127c0, 0x000002162e516b40]
Event: 78.284 Thread 0x0000021643338750 3483       4       sun.font.FontDesignMetrics::stringWidth (155 bytes)
Event: 78.286 Thread 0x0000021643338750 nmethod 3483 0x000002162e518c90 code [0x000002162e518e60, 0x000002162e519228]
Event: 79.837 Thread 0x0000021643338750 3486       4       java.awt.event.MouseAdapter::mouseMoved (1 bytes)
Event: 79.837 Thread 0x0000021643338750 nmethod 3486 0x000002162e519690 code [0x000002162e519800, 0x000002162e519858]
Event: 79.966 Thread 0x0000021643338750 3487       4       javax.swing.plaf.basic.BasicTabbedPaneUI::tabForCoordinate (122 bytes)
Event: 79.969 Thread 0x0000021643338750 nmethod 3487 0x000002162e519990 code [0x000002162e519b40, 0x000002162e519e88]
Event: 80.288 Thread 0x000002164333b150 3488   !   3       java.awt.KeyboardFocusManager::getGlobalFocusOwner (20 bytes)
Event: 80.288 Thread 0x000002164333b150 nmethod 3488 0x0000021627614990 code [0x0000021627614b60, 0x0000021627614ee8]

GC Heap History (8 events):
Event: 5.026 GC heap before
{Heap before GC invocations=0 (full 0):
 garbage-first heap   total 251904K, used 14336K [0x000000070a000000, 0x0000000800000000)
  region size 2048K, 8 young (16384K), 0 survivors (0K)
 Metaspace       used 21020K, capacity 21227K, committed 21248K, reserved 1069056K
  class space    used 2220K, capacity 2294K, committed 2304K, reserved 1048576K
}
Event: 5.030 GC heap after
{Heap after GC invocations=1 (full 0):
 garbage-first heap   total 251904K, used 3630K [0x000000070a000000, 0x0000000800000000)
  region size 2048K, 2 young (4096K), 2 survivors (4096K)
 Metaspace       used 21020K, capacity 21227K, committed 21248K, reserved 1069056K
  class space    used 2220K, capacity 2294K, committed 2304K, reserved 1048576K
}
Event: 33.709 GC heap before
{Heap before GC invocations=2 (full 0):
 garbage-first heap   total 20480K, used 20014K [0x000000070a000000, 0x0000000800000000)
  region size 2048K, 10 young (20480K), 2 survivors (4096K)
 Metaspace       used 23270K, capacity 23474K, committed 23808K, reserved 1071104K
  class space    used 2381K, capacity 2463K, committed 2560K, reserved 1048576K
}
Event: 33.713 GC heap after
{Heap after GC invocations=3 (full 0):
 garbage-first heap   total 26624K, used 4455K [0x000000070a000000, 0x0000000800000000)
  region size 2048K, 1 young (2048K), 1 survivors (2048K)
 Metaspace       used 23270K, capacity 23474K, committed 23808K, reserved 1071104K
  class space    used 2381K, capacity 2463K, committed 2560K, reserved 1048576K
}
Event: 46.706 GC heap before
{Heap before GC invocations=3 (full 0):
 garbage-first heap   total 26624K, used 12647K [0x000000070a000000, 0x0000000800000000)
  region size 2048K, 5 young (10240K), 1 survivors (2048K)
 Metaspace       used 23540K, capacity 23797K, committed 24064K, reserved 1071104K
  class space    used 2382K, capacity 2464K, committed 2560K, reserved 1048576K
}
Event: 46.707 GC heap after
{Heap after GC invocations=4 (full 0):
 garbage-first heap   total 26624K, used 4285K [0x000000070a000000, 0x0000000800000000)
  region size 2048K, 1 young (2048K), 1 survivors (2048K)
 Metaspace       used 23540K, capacity 23797K, committed 24064K, reserved 1071104K
  class space    used 2382K, capacity 2464K, committed 2560K, reserved 1048576K
}
Event: 64.891 GC heap before
{Heap before GC invocations=4 (full 0):
 garbage-first heap   total 26624K, used 14525K [0x000000070a000000, 0x0000000800000000)
  region size 2048K, 6 young (12288K), 1 survivors (2048K)
 Metaspace       used 23655K, capacity 23925K, committed 24064K, reserved 1071104K
  class space    used 2382K, capacity 2464K, committed 2560K, reserved 1048576K
}
Event: 64.891 GC heap after
{Heap after GC invocations=5 (full 0):
 garbage-first heap   total 26624K, used 4203K [0x000000070a000000, 0x0000000800000000)
  region size 2048K, 1 young (2048K), 1 survivors (2048K)
 Metaspace       used 23655K, capacity 23925K, committed 24064K, reserved 1071104K
  class space    used 2382K, capacity 2464K, committed 2560K, reserved 1048576K
}

Deoptimization events (20 events):
Event: 47.007 Thread 0x0000021643cedea0 DEOPT PACKING pc=0x000002162e4be9d4 sp=0x00000039c9cfee00
Event: 47.007 Thread 0x0000021643cedea0 DEOPT UNPACKING pc=0x000002162685e42f sp=0x00000039c9cfed18 mode 2
Event: 51.458 Thread 0x0000021643cedea0 Uncommon trap: trap_request=0xffffffde fr.pc=0x000002162e4b74e4 relative=0x0000000000001244
Event: 51.458 Thread 0x0000021643cedea0 Uncommon trap: reason=class_check action=maybe_recompile pc=0x000002162e4b74e4 method=java.awt.LightweightDispatcher.eventDispatched(Ljava/awt/AWTEvent;)V @ 70 c2
Event: 51.458 Thread 0x0000021643cedea0 DEOPT PACKING pc=0x000002162e4b74e4 sp=0x00000039c9cfedd0
Event: 51.458 Thread 0x0000021643cedea0 DEOPT UNPACKING pc=0x000002162685e42f sp=0x00000039c9cfed78 mode 2
Event: 52.479 Thread 0x0000021643cedea0 DEOPT PACKING pc=0x00000216272d3eb3 sp=0x00000039c9cfe020
Event: 52.479 Thread 0x0000021643cedea0 DEOPT UNPACKING pc=0x000002162685e23f sp=0x00000039c9cfd4f8 mode 0
Event: 63.123 Thread 0x0000021643cedea0 Uncommon trap: trap_request=0xffffffde fr.pc=0x000002162e4be9d4 relative=0x0000000000000114
Event: 63.123 Thread 0x0000021643cedea0 Uncommon trap: reason=class_check action=maybe_recompile pc=0x000002162e4be9d4 method=java.awt.Component.processMouseMotionEvent(Ljava/awt/event/MouseEvent;)V @ 52 c2
Event: 63.123 Thread 0x0000021643cedea0 DEOPT PACKING pc=0x000002162e4be9d4 sp=0x00000039c9cfee50
Event: 63.123 Thread 0x0000021643cedea0 DEOPT UNPACKING pc=0x000002162685e42f sp=0x00000039c9cfed68 mode 2
Event: 64.576 Thread 0x0000021643cedea0 Uncommon trap: trap_request=0xffffffde fr.pc=0x000002162e4be9d4 relative=0x0000000000000114
Event: 64.576 Thread 0x0000021643cedea0 Uncommon trap: reason=class_check action=maybe_recompile pc=0x000002162e4be9d4 method=java.awt.Component.processMouseMotionEvent(Ljava/awt/event/MouseEvent;)V @ 52 c2
Event: 64.576 Thread 0x0000021643cedea0 DEOPT PACKING pc=0x000002162e4be9d4 sp=0x00000039c9cfee50
Event: 64.576 Thread 0x0000021643cedea0 DEOPT UNPACKING pc=0x000002162685e42f sp=0x00000039c9cfed68 mode 2
Event: 65.524 Thread 0x0000021643cedea0 Uncommon trap: trap_request=0xffffffde fr.pc=0x000002162e4be9d4 relative=0x0000000000000114
Event: 65.524 Thread 0x0000021643cedea0 Uncommon trap: reason=class_check action=maybe_recompile pc=0x000002162e4be9d4 method=java.awt.Component.processMouseMotionEvent(Ljava/awt/event/MouseEvent;)V @ 52 c2
Event: 65.524 Thread 0x0000021643cedea0 DEOPT PACKING pc=0x000002162e4be9d4 sp=0x00000039c9cfee50
Event: 65.524 Thread 0x0000021643cedea0 DEOPT UNPACKING pc=0x000002162685e42f sp=0x00000039c9cfed68 mode 2

Classes unloaded (0 events):
No events

Classes redefined (0 events):
No events

Internal exceptions (17 events):
Event: 0.136 Thread 0x00000216216247f0 Exception <a 'java/lang/NoSuchMethodError'{0x0000000719272790}: 'void java.lang.invoke.DirectMethodHandle$Holder.invokeSpecial(java.lang.Object, java.lang.Object, java.lang.Object)'> (0x0000000719272790) 
thrown [./open/src/hotspot/share/interpreter/linkResolver.cpp, line 782]
Event: 0.142 Thread 0x00000216216247f0 Exception <a 'java/lang/ClassNotFoundException'{0x0000000719287668}: sun/awt/resources/spi/awtProvider> (0x0000000719287668) 
thrown [./open/src/hotspot/share/classfile/systemDictionary.cpp, line 295]
Event: 0.160 Thread 0x00000216216247f0 Exception <a 'java/io/FileNotFoundException'{0x00000007192ddc98}> (0x00000007192ddc98) 
thrown [./open/src/hotspot/share/prims/jni.cpp, line 578]
Event: 0.165 Thread 0x00000216216247f0 Exception <a 'java/io/FileNotFoundException'{0x000000071930cc50}> (0x000000071930cc50) 
thrown [./open/src/hotspot/share/prims/jni.cpp, line 578]
Event: 0.166 Thread 0x00000216216247f0 Exception <a 'java/lang/NoSuchMethodError'{0x000000071930e040}: 'java.lang.Object java.lang.invoke.DirectMethodHandle$Holder.invokeStatic(java.lang.Object)'> (0x000000071930e040) 
thrown [./open/src/hotspot/share/interpreter/linkResolver.cpp, line 782]
Event: 0.202 Thread 0x00000216216247f0 Exception <a 'java/lang/NoSuchMethodError'{0x000000071936a570}: 'java.lang.Object java.lang.invoke.DirectMethodHandle$Holder.invokeStaticInit(java.lang.Object)'> (0x000000071936a570) 
thrown [./open/src/hotspot/share/interpreter/linkResolver.cpp, line 782]
Event: 0.280 Thread 0x00000216216247f0 Exception <a 'java/lang/NoSuchMethodError'{0x00000007193dcf38}: 'java.lang.Object java.lang.invoke.DirectMethodHandle$Holder.newInvokeSpecial(java.lang.Object, java.lang.Object, java.lang.Object, java.lang.Object, java.lang.Object)'> (0x00000007193dcf38) 
thrown [./open/src/hotspot/share/interpreter/linkResolver.cpp, line 782]
Event: 0.281 Thread 0x00000216216247f0 Exception <a 'java/lang/NoSuchMethodError'{0x00000007190035b0}: 'java.lang.Object java.lang.invoke.DirectMethodHandle$Holder.invokeStatic(java.lang.Object, int, java.lang.Object, java.lang.Object, java.lang.Object, java.lang.Object)'> (0x00000007190035b0) 
thrown [./open/src/hotspot/share/interpreter/linkResolver.cpp, line 782]
Event: 0.283 Thread 0x00000216216247f0 Exception <a 'java/lang/NoSuchMethodError'{0x0000000719029858}: 'java.lang.Object java.lang.invoke.DirectMethodHandle$Holder.invokeStatic(java.lang.Object, int, java.lang.Object)'> (0x0000000719029858) 
thrown [./open/src/hotspot/share/interpreter/linkResolver.cpp, line 782]
Event: 0.297 Thread 0x00000216216247f0 Exception <a 'java/lang/ClassNotFoundException'{0x00000007190e2288}: com/sun/swing/internal/plaf/metal/resources/spi/metalProvider> (0x00000007190e2288) 
thrown [./open/src/hotspot/share/classfile/systemDictionary.cpp, line 295]
Event: 0.298 Thread 0x00000216216247f0 Exception <a 'java/lang/ClassNotFoundException'{0x00000007190e62e8}: com/sun/swing/internal/plaf/basic/resources/spi/basicProvider> (0x00000007190e62e8) 
thrown [./open/src/hotspot/share/classfile/systemDictionary.cpp, line 295]
Event: 0.366 Thread 0x00000216216247f0 Exception <a 'java/lang/NoSuchMethodError'{0x00000007191e9b90}: 'void java.lang.invoke.DirectMethodHandle$Holder.invokeStaticInit(java.lang.Object)'> (0x00000007191e9b90) 
thrown [./open/src/hotspot/share/interpreter/linkResolver.cpp, line 782]
Event: 4.824 Thread 0x0000021643cedea0 Exception <a 'java/lang/NoSuchMethodError'{0x0000000718d88400}: 'void java.lang.invoke.DirectMethodHandle$Holder.invokeStatic(java.lang.Object, java.lang.Object)'> (0x0000000718d88400) 
thrown [./open/src/hotspot/share/interpreter/linkResolver.cpp, line 782]
Event: 4.825 Thread 0x0000021643cedea0 Exception <a 'java/lang/NoSuchMethodError'{0x0000000718d8c0b0}: 'void java.lang.invoke.DirectMethodHandle$Holder.invokeStaticInit(java.lang.Object, java.lang.Object)'> (0x0000000718d8c0b0) 
thrown [./open/src/hotspot/share/interpreter/linkResolver.cpp, line 782]
Event: 4.846 Thread 0x0000021643cedea0 Implicit null exception at 0x000002162e40320a to 0x000002162e4034e8
Event: 5.031 Thread 0x0000021643cedea0 Exception <a 'java/lang/NoSuchMethodError'{0x00000007194047a0}: 'java.lang.Object java.lang.invoke.DirectMethodHandle$Holder.invokeStaticInit(java.lang.Object, int, int, int, int)'> (0x00000007194047a0) 
thrown [./open/src/hotspot/share/interpreter/linkResolver.cpp, line 782]
Event: 5.069 Thread 0x0000021643cedea0 Exception <a 'java/lang/NoSuchMethodError'{0x000000071955c8d0}: 'java.lang.Object java.lang.invoke.DirectMethodHandle$Holder.invokeStaticInit(java.lang.Object, java.lang.Object, int, int, int, int)'> (0x000000071955c8d0) 
thrown [./open/src/hotspot/share/interpreter/linkResolver.cpp, line 782]

Events (20 events):
Event: 42.632 Executing VM operation: HandshakeAllThreads
Event: 42.632 Executing VM operation: HandshakeAllThreads done
Event: 44.649 Executing VM operation: HandshakeAllThreads
Event: 44.649 Executing VM operation: HandshakeAllThreads done
Event: 46.706 Executing VM operation: G1CollectForAllocation
Event: 46.708 Executing VM operation: G1CollectForAllocation done
Event: 47.716 Executing VM operation: HandshakeAllThreads
Event: 47.716 Executing VM operation: HandshakeAllThreads done
Event: 51.744 Executing VM operation: HandshakeAllThreads
Event: 51.744 Executing VM operation: HandshakeAllThreads done
Event: 52.753 Executing VM operation: HandshakeAllThreads
Event: 52.753 Executing VM operation: HandshakeAllThreads done
Event: 58.492 Thread 0x0000021643677500 Thread added: 0x0000021643677500
Event: 58.615 Thread 0x0000021643677500 Thread exited: 0x0000021643677500
Event: 59.408 Thread 0x0000021643679870 Thread added: 0x0000021643679870
Event: 59.683 Thread 0x0000021643679870 Thread exited: 0x0000021643679870
Event: 64.891 Executing VM operation: G1CollectForAllocation
Event: 64.891 Executing VM operation: G1CollectForAllocation done
Event: 71.951 Executing VM operation: HandshakeAllThreads
Event: 71.951 Executing VM operation: HandshakeAllThreads done


Dynamic libraries:
0x00007ff658ea0000 - 0x00007ff658ead000 	C:\Users\franc\Downloads\eclipse-java-2020-12-R-win32-x86_64\eclipse\plugins\org.eclipse.justj.openjdk.hotspot.jre.full.win32.x86_64_15.0.1.v20201027-0507\jre\bin\javaw.exe
0x00007ff95a9b0000 - 0x00007ff95aba5000 	C:\Windows\SYSTEM32\ntdll.dll
0x00007ff959770000 - 0x00007ff95982d000 	C:\Windows\System32\KERNEL32.DLL
0x00007ff958500000 - 0x00007ff9587c8000 	C:\Windows\System32\KERNELBASE.dll
0x00007ff958200000 - 0x00007ff958300000 	C:\Windows\System32\ucrtbase.dll
0x00007ff9524b0000 - 0x00007ff9524c8000 	C:\Users\franc\Downloads\eclipse-java-2020-12-R-win32-x86_64\eclipse\plugins\org.eclipse.justj.openjdk.hotspot.jre.full.win32.x86_64_15.0.1.v20201027-0507\jre\bin\jli.dll
0x00007ff94df10000 - 0x00007ff94df29000 	C:\Users\franc\Downloads\eclipse-java-2020-12-R-win32-x86_64\eclipse\plugins\org.eclipse.justj.openjdk.hotspot.jre.full.win32.x86_64_15.0.1.v20201027-0507\jre\bin\VCRUNTIME140.dll
0x00007ff959000000 - 0x00007ff9591a0000 	C:\Windows\System32\USER32.dll
0x00007ff9491e0000 - 0x00007ff94947a000 	C:\Windows\WinSxS\amd64_microsoft.windows.common-controls_6595b64144ccf1df_6.0.19041.844_none_ca00b6081b84eb1d\COMCTL32.dll
0x00007ff9584d0000 - 0x00007ff9584f2000 	C:\Windows\System32\win32u.dll
0x00007ff958f60000 - 0x00007ff958ffe000 	C:\Windows\System32\msvcrt.dll
0x00007ff9598a0000 - 0x00007ff9598ca000 	C:\Windows\System32\GDI32.dll
0x00007ff9580f0000 - 0x00007ff9581fb000 	C:\Windows\System32\gdi32full.dll
0x00007ff958430000 - 0x00007ff9584cd000 	C:\Windows\System32\msvcp_win.dll
0x00007ff95a830000 - 0x00007ff95a860000 	C:\Windows\System32\IMM32.DLL
0x00007ff953af0000 - 0x00007ff953afc000 	C:\Users\franc\Downloads\eclipse-java-2020-12-R-win32-x86_64\eclipse\plugins\org.eclipse.justj.openjdk.hotspot.jre.full.win32.x86_64_15.0.1.v20201027-0507\jre\bin\vcruntime140_1.dll
0x00007ff947c60000 - 0x00007ff947cf1000 	C:\Users\franc\Downloads\eclipse-java-2020-12-R-win32-x86_64\eclipse\plugins\org.eclipse.justj.openjdk.hotspot.jre.full.win32.x86_64_15.0.1.v20201027-0507\jre\bin\msvcp140.dll
0x00007ff8f7030000 - 0x00007ff8f7b8e000 	C:\Users\franc\Downloads\eclipse-java-2020-12-R-win32-x86_64\eclipse\plugins\org.eclipse.justj.openjdk.hotspot.jre.full.win32.x86_64_15.0.1.v20201027-0507\jre\bin\server\jvm.dll
0x00007ff9596c0000 - 0x00007ff95976c000 	C:\Windows\System32\ADVAPI32.dll
0x00007ff958a10000 - 0x00007ff958aab000 	C:\Windows\System32\sechost.dll
0x00007ff958e20000 - 0x00007ff958f4b000 	C:\Windows\System32\RPCRT4.dll
0x00007ff9595d0000 - 0x00007ff9595d8000 	C:\Windows\System32\PSAPI.DLL
0x00007ff94db00000 - 0x00007ff94db0a000 	C:\Windows\SYSTEM32\VERSION.dll
0x00007ff93e8e0000 - 0x00007ff93e8e9000 	C:\Windows\SYSTEM32\WSOCK32.dll
0x00007ff94db10000 - 0x00007ff94db37000 	C:\Windows\SYSTEM32\WINMM.dll
0x00007ff959830000 - 0x00007ff95989b000 	C:\Windows\System32\WS2_32.dll
0x00007ff9569c0000 - 0x00007ff9569d2000 	C:\Windows\SYSTEM32\kernel.appcore.dll
0x00007ff953c90000 - 0x00007ff953c9a000 	C:\Users\franc\Downloads\eclipse-java-2020-12-R-win32-x86_64\eclipse\plugins\org.eclipse.justj.openjdk.hotspot.jre.full.win32.x86_64_15.0.1.v20201027-0507\jre\bin\jimage.dll
0x00007ff956010000 - 0x00007ff9561f4000 	C:\Windows\SYSTEM32\DBGHELP.DLL
0x00007ff945e50000 - 0x00007ff945e7c000 	C:\Windows\SYSTEM32\dbgcore.DLL
0x00007ff958300000 - 0x00007ff958380000 	C:\Windows\System32\bcryptPrimitives.dll
0x00007ff952430000 - 0x00007ff952455000 	C:\Users\franc\Downloads\eclipse-java-2020-12-R-win32-x86_64\eclipse\plugins\org.eclipse.justj.openjdk.hotspot.jre.full.win32.x86_64_15.0.1.v20201027-0507\jre\bin\java.dll
0x00007ff952410000 - 0x00007ff952428000 	C:\Users\franc\Downloads\eclipse-java-2020-12-R-win32-x86_64\eclipse\plugins\org.eclipse.justj.openjdk.hotspot.jre.full.win32.x86_64_15.0.1.v20201027-0507\jre\bin\zip.dll
0x00007ff9599b0000 - 0x00007ff95a0f2000 	C:\Windows\System32\SHELL32.dll
0x00007ff956220000 - 0x00007ff9569b0000 	C:\Windows\SYSTEM32\windows.storage.dll
0x00007ff958ab0000 - 0x00007ff958e05000 	C:\Windows\System32\combase.dll
0x00007ff957b60000 - 0x00007ff957b8c000 	C:\Windows\SYSTEM32\Wldp.dll
0x00007ff95a860000 - 0x00007ff95a90e000 	C:\Windows\System32\SHCORE.dll
0x00007ff9592d0000 - 0x00007ff959325000 	C:\Windows\System32\shlwapi.dll
0x00007ff958030000 - 0x00007ff95804f000 	C:\Windows\SYSTEM32\profapi.dll
0x00007ff951460000 - 0x00007ff951479000 	C:\Users\franc\Downloads\eclipse-java-2020-12-R-win32-x86_64\eclipse\plugins\org.eclipse.justj.openjdk.hotspot.jre.full.win32.x86_64_15.0.1.v20201027-0507\jre\bin\net.dll
0x00007ff94ba60000 - 0x00007ff94bb6b000 	C:\Windows\SYSTEM32\WINHTTP.dll
0x00007ff9578d0000 - 0x00007ff95793a000 	C:\Windows\system32\mswsock.dll
0x00007ff94fb00000 - 0x00007ff94fb12000 	C:\Users\franc\Downloads\eclipse-java-2020-12-R-win32-x86_64\eclipse\plugins\org.eclipse.justj.openjdk.hotspot.jre.full.win32.x86_64_15.0.1.v20201027-0507\jre\bin\nio.dll
0x00007ff952390000 - 0x00007ff9523a0000 	C:\Users\franc\Downloads\eclipse-java-2020-12-R-win32-x86_64\eclipse\plugins\org.eclipse.justj.openjdk.hotspot.jre.full.win32.x86_64_15.0.1.v20201027-0507\jre\bin\verify.dll
0x00007ff923b20000 - 0x00007ff923c9f000 	C:\Users\franc\Downloads\eclipse-java-2020-12-R-win32-x86_64\eclipse\plugins\org.eclipse.justj.openjdk.hotspot.jre.full.win32.x86_64_15.0.1.v20201027-0507\jre\bin\awt.dll
0x00007ff959350000 - 0x00007ff95941d000 	C:\Windows\System32\OLEAUT32.dll
0x00007ff955680000 - 0x00007ff955710000 	C:\Windows\SYSTEM32\apphelp.dll
0x00007ff955a10000 - 0x00007ff955a3f000 	C:\Windows\system32\DWMAPI.DLL
0x00007ff955840000 - 0x00007ff9558de000 	C:\Windows\system32\uxtheme.dll
0x00007ff90a590000 - 0x00007ff90a6b6000 	C:\Windows\system32\opengl32.dll
0x00007ff9119f0000 - 0x00007ff911a1c000 	C:\Windows\SYSTEM32\GLU32.dll
0x00007ff95a6b0000 - 0x00007ff95a7c5000 	C:\Windows\System32\MSCTF.dll
0x00007ff9591a0000 - 0x00007ff9592ca000 	C:\Windows\System32\ole32.dll
0x00007ff94a260000 - 0x00007ff94a42e000 	C:\Windows\system32\d3d9.dll
0x00007ff94db40000 - 0x00007ff94dd1b000 	C:\Windows\System32\DriverStore\FileRepository\u0361612.inf_amd64_b679e02f70413f9f\B361368\aticfx64.dll
0x00007ff948000000 - 0x00007ff948033000 	C:\Windows\System32\DriverStore\FileRepository\u0361612.inf_amd64_b679e02f70413f9f\B361368\atiu9p64.dll
0x00007ff8f1870000 - 0x00007ff8f2506000 	C:\Windows\System32\DriverStore\FileRepository\u0361612.inf_amd64_b679e02f70413f9f\B361368\atiumd64.dll
0x0000000053ea0000 - 0x0000000054d1e000 	C:\Windows\System32\DriverStore\FileRepository\u0361612.inf_amd64_b679e02f70413f9f\B361368\atiumd6a.dll
0x00007ff958980000 - 0x00007ff9589a7000 	C:\Windows\System32\bcrypt.dll
0x00007ff9576e0000 - 0x00007ff95772b000 	C:\Windows\SYSTEM32\POWRPROF.dll
0x00007ff957550000 - 0x00007ff957562000 	C:\Windows\SYSTEM32\UMPDC.dll
0x00007ff94b9a0000 - 0x00007ff94b9cf000 	C:\Windows\SYSTEM32\amdihk64.dll
0x00007ff94df70000 - 0x00007ff94dfab000 	C:\Windows\SYSTEM32\dxcore.dll
0x00007ff9587d0000 - 0x00007ff95881e000 	C:\Windows\System32\cfgmgr32.dll
0x00007ff947bd0000 - 0x00007ff947c55000 	C:\Users\franc\Downloads\eclipse-java-2020-12-R-win32-x86_64\eclipse\plugins\org.eclipse.justj.openjdk.hotspot.jre.full.win32.x86_64_15.0.1.v20201027-0507\jre\bin\freetype.dll
0x00007ff947b20000 - 0x00007ff947bc9000 	C:\Users\franc\Downloads\eclipse-java-2020-12-R-win32-x86_64\eclipse\plugins\org.eclipse.justj.openjdk.hotspot.jre.full.win32.x86_64_15.0.1.v20201027-0507\jre\bin\fontmanager.dll
0x00007ff95a190000 - 0x00007ff95a239000 	C:\Windows\System32\clbcatq.dll
0x00007ff9503e0000 - 0x00007ff950594000 	C:\Windows\SYSTEM32\WindowsCodecs.dll
0x00007ff92c5c0000 - 0x00007ff92c5fe000 	C:\Windows\system32\dataexchange.dll
0x00007ff954b60000 - 0x00007ff954d45000 	C:\Windows\system32\dcomp.dll
0x00007ff954330000 - 0x00007ff954594000 	C:\Windows\system32\d3d11.dll
0x00007ff956a30000 - 0x00007ff956b24000 	C:\Windows\system32\dxgi.dll
0x00007ff950b10000 - 0x00007ff950d11000 	C:\Windows\system32\twinapi.appcore.dll
0x00007ff934000000 - 0x00007ff9340f9000 	C:\Windows\SYSTEM32\textinputframework.dll
0x00007ff954d50000 - 0x00007ff9550ae000 	C:\Windows\System32\CoreUIComponents.dll
0x00007ff955430000 - 0x00007ff955522000 	C:\Windows\System32\CoreMessaging.dll
0x00007ff956e30000 - 0x00007ff956e63000 	C:\Windows\SYSTEM32\ntmarta.dll
0x00007ff953d70000 - 0x00007ff953ec4000 	C:\Windows\SYSTEM32\wintypes.dll
0x0000000069340000 - 0x00000000693c5000 	C:\Users\franc\AppData\Local\Temp\sqlite-3.7.2-sqlitejdbc.dll
0x00007ff957ab0000 - 0x00007ff957ac8000 	C:\Windows\SYSTEM32\CRYPTSP.dll
0x00007ff957200000 - 0x00007ff957234000 	C:\Windows\system32\rsaenh.dll
0x00007ff957fb0000 - 0x00007ff957fde000 	C:\Windows\SYSTEM32\USERENV.dll
0x00007ff957aa0000 - 0x00007ff957aac000 	C:\Windows\SYSTEM32\CRYPTBASE.dll
0x00007ff957570000 - 0x00007ff9575ab000 	C:\Windows\SYSTEM32\IPHLPAPI.DLL
0x00007ff958e10000 - 0x00007ff958e18000 	C:\Windows\System32\NSI.dll
0x00007ff94fda0000 - 0x00007ff94fdb7000 	C:\Windows\SYSTEM32\dhcpcsvc6.DLL
0x00007ff94fd80000 - 0x00007ff94fd9d000 	C:\Windows\SYSTEM32\dhcpcsvc.DLL
0x00007ff9575b0000 - 0x00007ff95767c000 	C:\Windows\SYSTEM32\DNSAPI.dll

dbghelp: loaded successfully - version: 4.0.5 - missing functions: none
symbol engine: initialized successfully - sym options: 0x614 - pdb path: .;C:\Users\franc\Downloads\eclipse-java-2020-12-R-win32-x86_64\eclipse\plugins\org.eclipse.justj.openjdk.hotspot.jre.full.win32.x86_64_15.0.1.v20201027-0507\jre\bin;C:\Windows\SYSTEM32;C:\Windows\WinSxS\amd64_microsoft.windows.common-controls_6595b64144ccf1df_6.0.19041.844_none_ca00b6081b84eb1d;C:\Users\franc\Downloads\eclipse-java-2020-12-R-win32-x86_64\eclipse\plugins\org.eclipse.justj.openjdk.hotspot.jre.full.win32.x86_64_15.0.1.v20201027-0507\jre\bin\server;C:\Windows\System32\DriverStore\FileRepository\u0361612.inf_amd64_b679e02f70413f9f\B361368;C:\Users\franc\AppData\Local\Temp

VM Arguments:
jvm_args: -Dfile.encoding=UTF-8 -XX:+ShowCodeDetailsInExceptionMessages 
java_command: it.polito.ezshop.EZShop
java_class_path (initial): C:\Users\franc\Desktop\Università\Software Engineering\EZShop_Project\ezshop\target\classes;C:\Users\franc\Downloads\eclipse-java-2020-12-R-win32-x86_64\eclipse\plugins\org.junit_4.13.0.v20200204-1500.jar;C:\Users\franc\Downloads\eclipse-java-2020-12-R-win32-x86_64\eclipse\plugins\org.hamcrest.core_1.3.0.v20180420-1519.jar;C:\Users\franc\.m2\repository\org\jdatepicker\jdatepicker\1.3.4\jdatepicker-1.3.4.jar;C:\Users\franc\Desktop\Università\Software Engineering\EZShop_Project\ezshop\lib\ezshop-gui.jar;C:\Users\franc\Desktop\Università\Software Engineering\EZShop_Project\ezshop\lib\sqlite-jdbc-3.7.2.jar
Launcher Type: SUN_STANDARD

[Global flags]
     intx CICompilerCount                          = 12                                        {product} {ergonomic}
     uint ConcGCThreads                            = 3                                         {product} {ergonomic}
     uint G1ConcRefinementThreads                  = 13                                        {product} {ergonomic}
   size_t G1HeapRegionSize                         = 2097152                                   {product} {ergonomic}
    uintx GCDrainStackTargetSize                   = 64                                        {product} {ergonomic}
   size_t InitialHeapSize                          = 257949696                                 {product} {ergonomic}
   size_t MarkStackSize                            = 4194304                                   {product} {ergonomic}
   size_t MaxHeapSize                              = 4127195136                                {product} {ergonomic}
   size_t MaxNewSize                               = 2474639360                                {product} {ergonomic}
   size_t MinHeapDeltaBytes                        = 2097152                                   {product} {ergonomic}
   size_t MinHeapSize                              = 8388608                                   {product} {ergonomic}
    uintx NonNMethodCodeHeapSize                   = 7602480                                {pd product} {ergonomic}
    uintx NonProfiledCodeHeapSize                  = 122027880                              {pd product} {ergonomic}
    uintx ProfiledCodeHeapSize                     = 122027880                              {pd product} {ergonomic}
    uintx ReservedCodeCacheSize                    = 251658240                              {pd product} {ergonomic}
     bool SegmentedCodeCache                       = true                                      {product} {ergonomic}
     bool ShowCodeDetailsInExceptionMessages       = true                                   {manageable} {command line}
   size_t SoftMaxHeapSize                          = 4127195136                             {manageable} {ergonomic}
     bool UseCompressedClassPointers               = true                                 {lp64_product} {ergonomic}
     bool UseCompressedOops                        = true                                 {lp64_product} {ergonomic}
     bool UseG1GC                                  = true                                      {product} {ergonomic}
     bool UseLargePagesIndividualAllocation        = false                                  {pd product} {ergonomic}

Logging:
Log output configuration:
 #0: stdout all=warning uptime,level,tags
 #1: stderr all=off uptime,level,tags

Environment Variables:
JAVA_HOME=C:\Users\franc\AppData\Local\Programs\AdoptOpenJDK\jdk-11.0.11.9-hotspot\
PATH=C:/Users/franc/Downloads/eclipse-java-2020-12-R-win32-x86_64/eclipse//plugins/org.eclipse.justj.openjdk.hotspot.jre.full.win32.x86_64_15.0.1.v20201027-0507/jre/bin/server;C:/Users/franc/Downloads/eclipse-java-2020-12-R-win32-x86_64/eclipse//plugins/org.eclipse.justj.openjdk.hotspot.jre.full.win32.x86_64_15.0.1.v20201027-0507/jre/bin;C:\Program Files (x86)\Amazon Corretto\jdk11.0.11_9\bin;C:\Program Files\Common Files\Oracle\Java\javapath;C:\Program Files\AdoptOpenJDK\jdk-8.0.292.10-openj9\bin;C:\app\franc\product\18.0.0\dbhomeXE\bin;C:\Windows\system32;C:\Windows;C:\Windows\System32\Wbem;C:\Windows\System32\WindowsPowerShell\v1.0\;C:\Windows\System32\OpenSSH\;C:\Program Files (x86)\NVIDIA Corporation\PhysX\Common;C:\Program Files\NVIDIA Corporation\NVIDIA NvDLISR;C:\MinGW\bin;C:\Program Files\nodejs\;C:\Program Files\Git\cmd;C:\Program Files\dotnet\;C:\Program Files\Microsoft SQL Server\130\Tools\Binn\;C:\Program Files (x86)\IncrediBuild;C:\Users\franc\AppData\Local\Programs\AdoptOpenJDK\jdk-11.0.11.9-hotspot\bin;C:\Users\franc\AppData\Local\Microsoft\WindowsApps;C:\Users\franc\AppData\Local\Programs\MiKTeX\miktex\bin\x64\;C:\Users\franc\AppData\Roaming\npm;C:\Users\franc\.dotnet\tools;C:\Users\franc\AppData\Local\Programs\Microsoft VS Code\bin;C:\Users\franc\Downloads\eclipse-java-2020-12-R-win32-x86_64\eclipse;
USERNAME=franc
OS=Windows_NT
PROCESSOR_IDENTIFIER=AMD64 Family 23 Model 96 Stepping 1, AuthenticAMD



---------------  S Y S T E M  ---------------

OS:
 Windows 10 , 64 bit Build 19041 (10.0.19041.928)
OS uptime: 0 days 4:12 hours

CPU: total 16 (initial active 16) (16 cores per cpu, 2 threads per core) family 23 model 96 stepping 1 microcode 0x0, cmov, cx8, fxsr, mmx, sse, sse2, sse3, ssse3, sse4.1, sse4.2, popcnt, vzeroupper, avx, avx2, aes, clmul, 3dnowpref, lzcnt, sse4a, ht, tsc, tscinvbit, tscinv, bmi1, bmi2, adx, sha, fma, clflush, clflushopt

Memory: 4k page, system-wide physical 15741M (9095M free)
TotalPageFile size 18173M (AvailPageFile size 7663M)
current process WorkingSet (physical memory assigned to process): 134M, peak: 140M
current process commit charge ("private bytes"): 192M, peak: 397M

vm_info: OpenJDK 64-Bit Server VM (15.0.1+9-18) for windows-amd64 JRE (15.0.1+9-18), built on Sep 15 2020 14:39:31 by "mach5one" with unknown MS VC++:1925

END.
